<?xml version="1.0" encoding="UTF-8"?>
<testsuite xmlns:xsi="http://www.w3.org/2001/XMLSchema-instance" xsi:noNamespaceSchemaLocation="https://maven.apache.org/surefire/maven-surefire-plugin/xsd/surefire-test-report.xsd" name="rest.LoginEndpointTest" time="12.153" tests="10" errors="0" skipped="0" failures="0">
  <properties>
    <property name="awt.toolkit" value="sun.awt.X11.XToolkit"/>
    <property name="netbeans.deploy" value="true"/>
    <property name="java.specification.version" value="11"/>
    <property name="sun.cpu.isalist" value=""/>
    <property name="sun.jnu.encoding" value="UTF-8"/>
    <property name="java.class.path" value="/home/casper/repos/javascript/Flow3Week2/securityexercises/target/test-classes:/home/casper/repos/javascript/Flow3Week2/securityexercises/target/classes:/home/casper/.m2/repository/org/mindrot/jbcrypt/0.4/jbcrypt-0.4.jar:/home/casper/.m2/repository/org/eclipse/persistence/org.eclipse.persistence.core/2.5.2/org.eclipse.persistence.core-2.5.2.jar:/home/casper/.m2/repository/org/eclipse/persistence/org.eclipse.persistence.asm/2.5.2/org.eclipse.persistence.asm-2.5.2.jar:/home/casper/.m2/repository/org/eclipse/persistence/org.eclipse.persistence.antlr/2.5.2/org.eclipse.persistence.antlr-2.5.2.jar:/home/casper/.m2/repository/org/eclipse/persistence/org.eclipse.persistence.jpa/2.5.2/org.eclipse.persistence.jpa-2.5.2.jar:/home/casper/.m2/repository/org/eclipse/persistence/org.eclipse.persistence.jpa.jpql/2.5.2/org.eclipse.persistence.jpa.jpql-2.5.2.jar:/home/casper/.m2/repository/org/eclipse/persistence/javax.persistence/2.1.0/javax.persistence-2.1.0.jar:/home/casper/.m2/repository/org/eclipse/persistence/org.eclipse.persistence.jpa.modelgen.processor/2.5.2/org.eclipse.persistence.jpa.modelgen.processor-2.5.2.jar:/home/casper/.m2/repository/mysql/mysql-connector-java/8.0.17/mysql-connector-java-8.0.17.jar:/home/casper/.m2/repository/com/google/protobuf/protobuf-java/3.6.1/protobuf-java-3.6.1.jar:/home/casper/.m2/repository/org/glassfish/jersey/bundles/jaxrs-ri/2.29/jaxrs-ri-2.29.jar:/home/casper/.m2/repository/org/glassfish/jersey/inject/jersey-hk2/2.29/jersey-hk2-2.29.jar:/home/casper/.m2/repository/org/glassfish/hk2/hk2-locator/2.5.0/hk2-locator-2.5.0.jar:/home/casper/.m2/repository/org/glassfish/hk2/external/aopalliance-repackaged/2.5.0/aopalliance-repackaged-2.5.0.jar:/home/casper/.m2/repository/org/glassfish/hk2/hk2-api/2.5.0/hk2-api-2.5.0.jar:/home/casper/.m2/repository/org/glassfish/hk2/hk2-utils/2.5.0/hk2-utils-2.5.0.jar:/home/casper/.m2/repository/org/javassist/javassist/3.22.0-CR2/javassist-3.22.0-CR2.jar:/home/casper/.m2/repository/org/glassfish/jersey/core/jersey-common/2.29/jersey-common-2.29.jar:/home/casper/.m2/repository/jakarta/annotation/jakarta.annotation-api/1.3.4/jakarta.annotation-api-1.3.4.jar:/home/casper/.m2/repository/org/glassfish/hk2/osgi-resource-locator/1.0.3/osgi-resource-locator-1.0.3.jar:/home/casper/.m2/repository/com/sun/activation/jakarta.activation/1.2.1/jakarta.activation-1.2.1.jar:/home/casper/.m2/repository/org/glassfish/jersey/media/jersey-media-jaxb/2.29/jersey-media-jaxb-2.29.jar:/home/casper/.m2/repository/org/glassfish/jersey/media/jersey-media-json-binding/2.29/jersey-media-json-binding-2.29.jar:/home/casper/.m2/repository/org/glassfish/jakarta.json/1.1.5/jakarta.json-1.1.5.jar:/home/casper/.m2/repository/org/eclipse/yasson/1.0.3/yasson-1.0.3.jar:/home/casper/.m2/repository/jakarta/json/bind/jakarta.json.bind-api/1.0.1/jakarta.json.bind-api-1.0.1.jar:/home/casper/.m2/repository/jakarta/json/jakarta.json-api/1.1.5/jakarta.json-api-1.1.5.jar:/home/casper/.m2/repository/org/glassfish/jersey/core/jersey-client/2.29/jersey-client-2.29.jar:/home/casper/.m2/repository/org/glassfish/jersey/core/jersey-server/2.29/jersey-server-2.29.jar:/home/casper/.m2/repository/javax/validation/validation-api/2.0.1.Final/validation-api-2.0.1.Final.jar:/home/casper/.m2/repository/org/glassfish/jersey/containers/jersey-container-servlet-core/2.29/jersey-container-servlet-core-2.29.jar:/home/casper/.m2/repository/org/glassfish/jersey/containers/jersey-container-servlet/2.29/jersey-container-servlet-2.29.jar:/home/casper/.m2/repository/org/glassfish/jersey/media/jersey-media-sse/2.29/jersey-media-sse-2.29.jar:/home/casper/.m2/repository/jakarta/xml/bind/jakarta.xml.bind-api/2.3.2/jakarta.xml.bind-api-2.3.2.jar:/home/casper/.m2/repository/jakarta/activation/jakarta.activation-api/1.2.1/jakarta.activation-api-1.2.1.jar:/home/casper/.m2/repository/org/junit/jupiter/junit-jupiter-api/5.3.1/junit-jupiter-api-5.3.1.jar:/home/casper/.m2/repository/org/apiguardian/apiguardian-api/1.0.0/apiguardian-api-1.0.0.jar:/home/casper/.m2/repository/org/opentest4j/opentest4j/1.1.1/opentest4j-1.1.1.jar:/home/casper/.m2/repository/org/junit/platform/junit-platform-commons/1.3.1/junit-platform-commons-1.3.1.jar:/home/casper/.m2/repository/org/junit/jupiter/junit-jupiter-params/5.3.1/junit-jupiter-params-5.3.1.jar:/home/casper/.m2/repository/org/junit/jupiter/junit-jupiter-engine/5.3.1/junit-jupiter-engine-5.3.1.jar:/home/casper/.m2/repository/org/junit/platform/junit-platform-engine/1.3.1/junit-platform-engine-1.3.1.jar:/home/casper/.m2/repository/org/hamcrest/hamcrest-library/1.3/hamcrest-library-1.3.jar:/home/casper/.m2/repository/org/hamcrest/hamcrest-core/1.3/hamcrest-core-1.3.jar:/home/casper/.m2/repository/javax/javaee-web-api/7.0/javaee-web-api-7.0.jar:/home/casper/.m2/repository/com/google/code/gson/gson/2.8.5/gson-2.8.5.jar:/home/casper/.m2/repository/com/nimbusds/nimbus-jose-jwt/6.2/nimbus-jose-jwt-6.2.jar:/home/casper/.m2/repository/com/github/stephenc/jcip/jcip-annotations/1.0-1/jcip-annotations-1.0-1.jar:/home/casper/.m2/repository/net/minidev/json-smart/2.3/json-smart-2.3.jar:/home/casper/.m2/repository/net/minidev/accessors-smart/1.2/accessors-smart-1.2.jar:/home/casper/.m2/repository/org/ow2/asm/asm/5.0.4/asm-5.0.4.jar:/home/casper/.m2/repository/org/glassfish/jersey/containers/jersey-container-grizzly2-http/2.29/jersey-container-grizzly2-http-2.29.jar:/home/casper/.m2/repository/org/glassfish/hk2/external/jakarta.inject/2.5.0/jakarta.inject-2.5.0.jar:/home/casper/.m2/repository/org/glassfish/grizzly/grizzly-http-server/2.4.4/grizzly-http-server-2.4.4.jar:/home/casper/.m2/repository/org/glassfish/grizzly/grizzly-http/2.4.4/grizzly-http-2.4.4.jar:/home/casper/.m2/repository/org/glassfish/grizzly/grizzly-framework/2.4.4/grizzly-framework-2.4.4.jar:/home/casper/.m2/repository/jakarta/ws/rs/jakarta.ws.rs-api/2.1.5/jakarta.ws.rs-api-2.1.5.jar:/home/casper/.m2/repository/io/rest-assured/rest-assured/4.0.0/rest-assured-4.0.0.jar:/home/casper/.m2/repository/org/codehaus/groovy/groovy/2.5.6/groovy-2.5.6.jar:/home/casper/.m2/repository/org/codehaus/groovy/groovy-xml/2.5.6/groovy-xml-2.5.6.jar:/home/casper/.m2/repository/org/apache/httpcomponents/httpclient/4.5.3/httpclient-4.5.3.jar:/home/casper/.m2/repository/org/apache/httpcomponents/httpcore/4.4.6/httpcore-4.4.6.jar:/home/casper/.m2/repository/commons-logging/commons-logging/1.2/commons-logging-1.2.jar:/home/casper/.m2/repository/commons-codec/commons-codec/1.9/commons-codec-1.9.jar:/home/casper/.m2/repository/org/apache/httpcomponents/httpmime/4.5.3/httpmime-4.5.3.jar:/home/casper/.m2/repository/org/ccil/cowan/tagsoup/tagsoup/1.2.1/tagsoup-1.2.1.jar:/home/casper/.m2/repository/io/rest-assured/json-path/4.0.0/json-path-4.0.0.jar:/home/casper/.m2/repository/org/codehaus/groovy/groovy-json/2.5.6/groovy-json-2.5.6.jar:/home/casper/.m2/repository/io/rest-assured/rest-assured-common/4.0.0/rest-assured-common-4.0.0.jar:/home/casper/.m2/repository/io/rest-assured/xml-path/4.0.0/xml-path-4.0.0.jar:/home/casper/.m2/repository/org/apache/commons/commons-lang3/3.4/commons-lang3-3.4.jar:/home/casper/.m2/repository/javax/xml/bind/jaxb-api/2.2.12/jaxb-api-2.2.12.jar:/home/casper/.m2/repository/com/sun/xml/bind/jaxb-osgi/2.2.10/jaxb-osgi-2.2.10.jar:/home/casper/.m2/repository/org/apache/sling/org.apache.sling.javax.activation/0.1.0/org.apache.sling.javax.activation-0.1.0.jar:/home/casper/.m2/repository/javax/activation/activation/1.1.1/activation-1.1.1.jar:"/>
    <property name="java.vm.vendor" value="Ubuntu"/>
    <property name="sun.arch.data.model" value="64"/>
    <property name="java.vendor.url" value="https://ubuntu.com/"/>
    <property name="user.timezone" value=""/>
    <property name="java.vm.specification.version" value="11"/>
    <property name="os.name" value="Linux"/>
    <property name="user.country" value="US"/>
    <property name="sun.java.launcher" value="SUN_STANDARD"/>
    <property name="sun.boot.library.path" value="/usr/lib/jvm/java-11-openjdk-amd64/lib"/>
    <property name="sun.java.command" value="/home/casper/repos/javascript/Flow3Week2/securityexercises/target/surefire/surefirebooter16656821875712369771.jar /home/casper/repos/javascript/Flow3Week2/securityexercises/target/surefire 2020-04-01T20-50-37_427-jvmRun1 surefire6427669918464883216tmp surefire_012496323680797478917tmp"/>
    <property name="jdk.debug" value="release"/>
    <property name="surefire.test.class.path" value="/home/casper/repos/javascript/Flow3Week2/securityexercises/target/test-classes:/home/casper/repos/javascript/Flow3Week2/securityexercises/target/classes:/home/casper/.m2/repository/org/mindrot/jbcrypt/0.4/jbcrypt-0.4.jar:/home/casper/.m2/repository/org/eclipse/persistence/org.eclipse.persistence.core/2.5.2/org.eclipse.persistence.core-2.5.2.jar:/home/casper/.m2/repository/org/eclipse/persistence/org.eclipse.persistence.asm/2.5.2/org.eclipse.persistence.asm-2.5.2.jar:/home/casper/.m2/repository/org/eclipse/persistence/org.eclipse.persistence.antlr/2.5.2/org.eclipse.persistence.antlr-2.5.2.jar:/home/casper/.m2/repository/org/eclipse/persistence/org.eclipse.persistence.jpa/2.5.2/org.eclipse.persistence.jpa-2.5.2.jar:/home/casper/.m2/repository/org/eclipse/persistence/org.eclipse.persistence.jpa.jpql/2.5.2/org.eclipse.persistence.jpa.jpql-2.5.2.jar:/home/casper/.m2/repository/org/eclipse/persistence/javax.persistence/2.1.0/javax.persistence-2.1.0.jar:/home/casper/.m2/repository/org/eclipse/persistence/org.eclipse.persistence.jpa.modelgen.processor/2.5.2/org.eclipse.persistence.jpa.modelgen.processor-2.5.2.jar:/home/casper/.m2/repository/mysql/mysql-connector-java/8.0.17/mysql-connector-java-8.0.17.jar:/home/casper/.m2/repository/com/google/protobuf/protobuf-java/3.6.1/protobuf-java-3.6.1.jar:/home/casper/.m2/repository/org/glassfish/jersey/bundles/jaxrs-ri/2.29/jaxrs-ri-2.29.jar:/home/casper/.m2/repository/org/glassfish/jersey/inject/jersey-hk2/2.29/jersey-hk2-2.29.jar:/home/casper/.m2/repository/org/glassfish/hk2/hk2-locator/2.5.0/hk2-locator-2.5.0.jar:/home/casper/.m2/repository/org/glassfish/hk2/external/aopalliance-repackaged/2.5.0/aopalliance-repackaged-2.5.0.jar:/home/casper/.m2/repository/org/glassfish/hk2/hk2-api/2.5.0/hk2-api-2.5.0.jar:/home/casper/.m2/repository/org/glassfish/hk2/hk2-utils/2.5.0/hk2-utils-2.5.0.jar:/home/casper/.m2/repository/org/javassist/javassist/3.22.0-CR2/javassist-3.22.0-CR2.jar:/home/casper/.m2/repository/org/glassfish/jersey/core/jersey-common/2.29/jersey-common-2.29.jar:/home/casper/.m2/repository/jakarta/annotation/jakarta.annotation-api/1.3.4/jakarta.annotation-api-1.3.4.jar:/home/casper/.m2/repository/org/glassfish/hk2/osgi-resource-locator/1.0.3/osgi-resource-locator-1.0.3.jar:/home/casper/.m2/repository/com/sun/activation/jakarta.activation/1.2.1/jakarta.activation-1.2.1.jar:/home/casper/.m2/repository/org/glassfish/jersey/media/jersey-media-jaxb/2.29/jersey-media-jaxb-2.29.jar:/home/casper/.m2/repository/org/glassfish/jersey/media/jersey-media-json-binding/2.29/jersey-media-json-binding-2.29.jar:/home/casper/.m2/repository/org/glassfish/jakarta.json/1.1.5/jakarta.json-1.1.5.jar:/home/casper/.m2/repository/org/eclipse/yasson/1.0.3/yasson-1.0.3.jar:/home/casper/.m2/repository/jakarta/json/bind/jakarta.json.bind-api/1.0.1/jakarta.json.bind-api-1.0.1.jar:/home/casper/.m2/repository/jakarta/json/jakarta.json-api/1.1.5/jakarta.json-api-1.1.5.jar:/home/casper/.m2/repository/org/glassfish/jersey/core/jersey-client/2.29/jersey-client-2.29.jar:/home/casper/.m2/repository/org/glassfish/jersey/core/jersey-server/2.29/jersey-server-2.29.jar:/home/casper/.m2/repository/javax/validation/validation-api/2.0.1.Final/validation-api-2.0.1.Final.jar:/home/casper/.m2/repository/org/glassfish/jersey/containers/jersey-container-servlet-core/2.29/jersey-container-servlet-core-2.29.jar:/home/casper/.m2/repository/org/glassfish/jersey/containers/jersey-container-servlet/2.29/jersey-container-servlet-2.29.jar:/home/casper/.m2/repository/org/glassfish/jersey/media/jersey-media-sse/2.29/jersey-media-sse-2.29.jar:/home/casper/.m2/repository/jakarta/xml/bind/jakarta.xml.bind-api/2.3.2/jakarta.xml.bind-api-2.3.2.jar:/home/casper/.m2/repository/jakarta/activation/jakarta.activation-api/1.2.1/jakarta.activation-api-1.2.1.jar:/home/casper/.m2/repository/org/junit/jupiter/junit-jupiter-api/5.3.1/junit-jupiter-api-5.3.1.jar:/home/casper/.m2/repository/org/apiguardian/apiguardian-api/1.0.0/apiguardian-api-1.0.0.jar:/home/casper/.m2/repository/org/opentest4j/opentest4j/1.1.1/opentest4j-1.1.1.jar:/home/casper/.m2/repository/org/junit/platform/junit-platform-commons/1.3.1/junit-platform-commons-1.3.1.jar:/home/casper/.m2/repository/org/junit/jupiter/junit-jupiter-params/5.3.1/junit-jupiter-params-5.3.1.jar:/home/casper/.m2/repository/org/junit/jupiter/junit-jupiter-engine/5.3.1/junit-jupiter-engine-5.3.1.jar:/home/casper/.m2/repository/org/junit/platform/junit-platform-engine/1.3.1/junit-platform-engine-1.3.1.jar:/home/casper/.m2/repository/org/hamcrest/hamcrest-library/1.3/hamcrest-library-1.3.jar:/home/casper/.m2/repository/org/hamcrest/hamcrest-core/1.3/hamcrest-core-1.3.jar:/home/casper/.m2/repository/javax/javaee-web-api/7.0/javaee-web-api-7.0.jar:/home/casper/.m2/repository/com/google/code/gson/gson/2.8.5/gson-2.8.5.jar:/home/casper/.m2/repository/com/nimbusds/nimbus-jose-jwt/6.2/nimbus-jose-jwt-6.2.jar:/home/casper/.m2/repository/com/github/stephenc/jcip/jcip-annotations/1.0-1/jcip-annotations-1.0-1.jar:/home/casper/.m2/repository/net/minidev/json-smart/2.3/json-smart-2.3.jar:/home/casper/.m2/repository/net/minidev/accessors-smart/1.2/accessors-smart-1.2.jar:/home/casper/.m2/repository/org/ow2/asm/asm/5.0.4/asm-5.0.4.jar:/home/casper/.m2/repository/org/glassfish/jersey/containers/jersey-container-grizzly2-http/2.29/jersey-container-grizzly2-http-2.29.jar:/home/casper/.m2/repository/org/glassfish/hk2/external/jakarta.inject/2.5.0/jakarta.inject-2.5.0.jar:/home/casper/.m2/repository/org/glassfish/grizzly/grizzly-http-server/2.4.4/grizzly-http-server-2.4.4.jar:/home/casper/.m2/repository/org/glassfish/grizzly/grizzly-http/2.4.4/grizzly-http-2.4.4.jar:/home/casper/.m2/repository/org/glassfish/grizzly/grizzly-framework/2.4.4/grizzly-framework-2.4.4.jar:/home/casper/.m2/repository/jakarta/ws/rs/jakarta.ws.rs-api/2.1.5/jakarta.ws.rs-api-2.1.5.jar:/home/casper/.m2/repository/io/rest-assured/rest-assured/4.0.0/rest-assured-4.0.0.jar:/home/casper/.m2/repository/org/codehaus/groovy/groovy/2.5.6/groovy-2.5.6.jar:/home/casper/.m2/repository/org/codehaus/groovy/groovy-xml/2.5.6/groovy-xml-2.5.6.jar:/home/casper/.m2/repository/org/apache/httpcomponents/httpclient/4.5.3/httpclient-4.5.3.jar:/home/casper/.m2/repository/org/apache/httpcomponents/httpcore/4.4.6/httpcore-4.4.6.jar:/home/casper/.m2/repository/commons-logging/commons-logging/1.2/commons-logging-1.2.jar:/home/casper/.m2/repository/commons-codec/commons-codec/1.9/commons-codec-1.9.jar:/home/casper/.m2/repository/org/apache/httpcomponents/httpmime/4.5.3/httpmime-4.5.3.jar:/home/casper/.m2/repository/org/ccil/cowan/tagsoup/tagsoup/1.2.1/tagsoup-1.2.1.jar:/home/casper/.m2/repository/io/rest-assured/json-path/4.0.0/json-path-4.0.0.jar:/home/casper/.m2/repository/org/codehaus/groovy/groovy-json/2.5.6/groovy-json-2.5.6.jar:/home/casper/.m2/repository/io/rest-assured/rest-assured-common/4.0.0/rest-assured-common-4.0.0.jar:/home/casper/.m2/repository/io/rest-assured/xml-path/4.0.0/xml-path-4.0.0.jar:/home/casper/.m2/repository/org/apache/commons/commons-lang3/3.4/commons-lang3-3.4.jar:/home/casper/.m2/repository/javax/xml/bind/jaxb-api/2.2.12/jaxb-api-2.2.12.jar:/home/casper/.m2/repository/com/sun/xml/bind/jaxb-osgi/2.2.10/jaxb-osgi-2.2.10.jar:/home/casper/.m2/repository/org/apache/sling/org.apache.sling.javax.activation/0.1.0/org.apache.sling.javax.activation-0.1.0.jar:/home/casper/.m2/repository/javax/activation/activation/1.1.1/activation-1.1.1.jar:"/>
    <property name="sun.cpu.endian" value="little"/>
    <property name="user.home" value="/home/casper"/>
    <property name="user.language" value="en"/>
    <property name="java.specification.vendor" value="Oracle Corporation"/>
    <property name="java.version.date" value="2020-01-14"/>
    <property name="java.home" value="/usr/lib/jvm/java-11-openjdk-amd64"/>
    <property name="file.separator" value="/"/>
    <property name="basedir" value="/home/casper/repos/javascript/Flow3Week2/securityexercises"/>
    <property name="java.vm.compressedOopsMode" value="32-bit"/>
    <property name="line.separator" value="&#10;"/>
    <property name="java.specification.name" value="Java Platform API Specification"/>
    <property name="java.vm.specification.vendor" value="Oracle Corporation"/>
    <property name="java.awt.graphicsenv" value="sun.awt.X11GraphicsEnvironment"/>
    <property name="surefire.real.class.path" value="/home/casper/repos/javascript/Flow3Week2/securityexercises/target/surefire/surefirebooter16656821875712369771.jar"/>
    <property name="sun.management.compiler" value="HotSpot 64-Bit Tiered Compilers"/>
    <property name="java.runtime.version" value="11.0.6+10-post-Ubuntu-1ubuntu119.10.1"/>
    <property name="user.name" value="casper"/>
    <property name="path.separator" value=":"/>
    <property name="os.version" value="5.3.0-42-generic"/>
    <property name="java.runtime.name" value="OpenJDK Runtime Environment"/>
    <property name="file.encoding" value="UTF-8"/>
    <property name="java.vm.name" value="OpenJDK 64-Bit Server VM"/>
    <property name="maven.ext.class.path" value="/home/casper/netbeans-11.2/netbeans/java/maven-nblib/netbeans-eventspy.jar"/>
    <property name="localRepository" value="/home/casper/.m2/repository"/>
    <property name="java.vendor.url.bug" value="https://bugs.launchpad.net/ubuntu/+source/openjdk-lts"/>
    <property name="java.io.tmpdir" value="/tmp"/>
    <property name="java.version" value="11.0.6"/>
    <property name="user.dir" value="/home/casper/repos/javascript/Flow3Week2/securityexercises"/>
    <property name="os.arch" value="amd64"/>
    <property name="java.vm.specification.name" value="Java Virtual Machine Specification"/>
    <property name="java.awt.printerjob" value="sun.print.PSPrinterJob"/>
    <property name="sun.os.patch.level" value="unknown"/>
    <property name="java.library.path" value="/usr/java/packages/lib:/usr/lib/x86_64-linux-gnu/jni:/lib/x86_64-linux-gnu:/usr/lib/x86_64-linux-gnu:/usr/lib/jni:/lib:/usr/lib"/>
    <property name="java.vendor" value="Ubuntu"/>
    <property name="java.vm.info" value="mixed mode, sharing"/>
    <property name="java.vm.version" value="11.0.6+10-post-Ubuntu-1ubuntu119.10.1"/>
    <property name="sun.io.unicode.encoding" value="UnicodeLittle"/>
    <property name="java.class.version" value="55.0"/>
  </properties>
  <testcase name="testAutorizedAdminCannotAccesUserPage" classname="rest.LoginEndpointTest" time="2.886"/>
  <testcase name="testRestForMultiRole1" classname="rest.LoginEndpointTest" time="0.763"/>
  <testcase name="testRestForMultiRole2" classname="rest.LoginEndpointTest" time="0.684"/>
  <testcase name="adminNotAuthenticated" classname="rest.LoginEndpointTest" time="0.462"/>
  <testcase name="testAutorizedUserCannotAccesAdminPage" classname="rest.LoginEndpointTest" time="0.596"/>
  <testcase name="testRestNoAuthenticationRequired" classname="rest.LoginEndpointTest" time="0.357"/>
  <testcase name="userNotAuthenticated" classname="rest.LoginEndpointTest" time="0.367"/>
  <testcase name="testRestForUser" classname="rest.LoginEndpointTest" time="0.595"/>
  <testcase name="testRestForAdmin" classname="rest.LoginEndpointTest" time="0.628"/>
  <testcase name="serverIsRunning" classname="rest.LoginEndpointTest" time="0.401"/>
</testsuite>